[2m2022-12-06 10:50:49.641[0;39m [32m INFO[0;39m [32m[0;39m [35m2512[0;39m [2m---[0;39m [2m[           main][0;39m [36mcom.example.benomad.BenomadApplication  [0;39m [2m:[0;39m Starting BenomadApplication using Java 17.0.4.1 on LAPTOP-L3QHD6TM with PID 2512 (D:\travelAlibek4\TravelKg_Back-End\target\classes started by hh in D:\travelAlibek4\TravelKg_Back-End)
[2m2022-12-06 10:50:49.646[0;39m [32m INFO[0;39m [32m[0;39m [35m2512[0;39m [2m---[0;39m [2m[           main][0;39m [36mcom.example.benomad.BenomadApplication  [0;39m [2m:[0;39m No active profile set, falling back to 1 default profile: "default"
[2m2022-12-06 10:50:51.636[0;39m [32m INFO[0;39m [32m[0;39m [35m2512[0;39m [2m---[0;39m [2m[           main][0;39m [36m.s.d.r.c.RepositoryConfigurationDelegate[0;39m [2m:[0;39m Bootstrapping Spring Data JPA repositories in DEFAULT mode.
[2m2022-12-06 10:50:51.733[0;39m [32m INFO[0;39m [32m[0;39m [35m2512[0;39m [2m---[0;39m [2m[           main][0;39m [36m.s.d.r.c.RepositoryConfigurationDelegate[0;39m [2m:[0;39m Finished Spring Data repository scanning in 85 ms. Found 11 JPA repository interfaces.
[2m2022-12-06 10:50:52.177[0;39m [32m INFO[0;39m [32m[0;39m [35m2512[0;39m [2m---[0;39m [2m[           main][0;39m [36mo.s.b.w.embedded.tomcat.TomcatWebServer [0;39m [2m:[0;39m Tomcat initialized with port(s): 8080 (http)
[2m2022-12-06 10:50:52.177[0;39m [32m INFO[0;39m [32m[0;39m [35m2512[0;39m [2m---[0;39m [2m[           main][0;39m [36mo.apache.catalina.core.StandardService  [0;39m [2m:[0;39m Starting service [Tomcat]
[2m2022-12-06 10:50:52.177[0;39m [32m INFO[0;39m [32m[0;39m [35m2512[0;39m [2m---[0;39m [2m[           main][0;39m [36morg.apache.catalina.core.StandardEngine [0;39m [2m:[0;39m Starting Servlet engine: [Apache Tomcat/9.0.65]
[2m2022-12-06 10:50:52.270[0;39m [32m INFO[0;39m [32m[0;39m [35m2512[0;39m [2m---[0;39m [2m[           main][0;39m [36mo.a.c.c.C.[Tomcat].[localhost].[/]      [0;39m [2m:[0;39m Initializing Spring embedded WebApplicationContext
[2m2022-12-06 10:50:52.270[0;39m [32m INFO[0;39m [32m[0;39m [35m2512[0;39m [2m---[0;39m [2m[           main][0;39m [36mw.s.c.ServletWebServerApplicationContext[0;39m [2m:[0;39m Root WebApplicationContext: initialization completed in 2584 ms
[2m2022-12-06 10:50:52.478[0;39m [32m INFO[0;39m [32m[0;39m [35m2512[0;39m [2m---[0;39m [2m[           main][0;39m [36mo.f.c.internal.license.VersionPrinter   [0;39m [2m:[0;39m Flyway Community Edition 8.5.13 by Redgate
[2m2022-12-06 10:50:52.478[0;39m [32m INFO[0;39m [32m[0;39m [35m2512[0;39m [2m---[0;39m [2m[           main][0;39m [36mo.f.c.internal.license.VersionPrinter   [0;39m [2m:[0;39m See what's new here: https://flywaydb.org/documentation/learnmore/releaseNotes#8.5.13
[2m2022-12-06 10:50:52.478[0;39m [32m INFO[0;39m [32m[0;39m [35m2512[0;39m [2m---[0;39m [2m[           main][0;39m [36mo.f.c.internal.license.VersionPrinter   [0;39m [2m:[0;39m 
[2m2022-12-06 10:50:52.494[0;39m [32m INFO[0;39m [32m[0;39m [35m2512[0;39m [2m---[0;39m [2m[           main][0;39m [36mcom.zaxxer.hikari.HikariDataSource      [0;39m [2m:[0;39m HikariPool-1 - Starting...
[2m2022-12-06 10:50:52.645[0;39m [32m INFO[0;39m [32m[0;39m [35m2512[0;39m [2m---[0;39m [2m[           main][0;39m [36mcom.zaxxer.hikari.HikariDataSource      [0;39m [2m:[0;39m HikariPool-1 - Start completed.
[2m2022-12-06 10:50:52.661[0;39m [32m INFO[0;39m [32m[0;39m [35m2512[0;39m [2m---[0;39m [2m[           main][0;39m [36mo.f.c.i.database.base.BaseDatabaseType  [0;39m [2m:[0;39m Database: jdbc:postgresql://localhost:5432/benomad (PostgreSQL 14.5)
[2m2022-12-06 10:50:52.743[0;39m [32m INFO[0;39m [32m[0;39m [35m2512[0;39m [2m---[0;39m [2m[           main][0;39m [36mo.f.core.internal.command.DbValidate    [0;39m [2m:[0;39m Successfully validated 5 migrations (execution time 00:00.070s)
[2m2022-12-06 10:50:52.758[0;39m [32m INFO[0;39m [32m[0;39m [35m2512[0;39m [2m---[0;39m [2m[           main][0;39m [36mo.f.core.internal.command.DbMigrate     [0;39m [2m:[0;39m Current version of schema "public": 6
[2m2022-12-06 10:50:52.762[0;39m [32m INFO[0;39m [32m[0;39m [35m2512[0;39m [2m---[0;39m [2m[           main][0;39m [36mo.f.core.internal.command.DbMigrate     [0;39m [2m:[0;39m Schema "public" is up to date. No migration necessary.
[2m2022-12-06 10:50:52.822[0;39m [32m INFO[0;39m [32m[0;39m [35m2512[0;39m [2m---[0;39m [2m[           main][0;39m [36mo.hibernate.jpa.internal.util.LogHelper [0;39m [2m:[0;39m HHH000204: Processing PersistenceUnitInfo [name: default]
[2m2022-12-06 10:50:52.883[0;39m [32m INFO[0;39m [32m[0;39m [35m2512[0;39m [2m---[0;39m [2m[           main][0;39m [36morg.hibernate.Version                   [0;39m [2m:[0;39m HHH000412: Hibernate ORM core version 5.6.11.Final
[2m2022-12-06 10:50:53.014[0;39m [32m INFO[0;39m [32m[0;39m [35m2512[0;39m [2m---[0;39m [2m[           main][0;39m [36mo.hibernate.annotations.common.Version  [0;39m [2m:[0;39m HCANN000001: Hibernate Commons Annotations {5.1.2.Final}
[2m2022-12-06 10:50:53.143[0;39m [32m INFO[0;39m [32m[0;39m [35m2512[0;39m [2m---[0;39m [2m[           main][0;39m [36morg.hibernate.dialect.Dialect           [0;39m [2m:[0;39m HHH000400: Using dialect: org.hibernate.dialect.PostgreSQLDialect
[2m2022-12-06 10:50:54.260[0;39m [32m INFO[0;39m [32m[0;39m [35m2512[0;39m [2m---[0;39m [2m[           main][0;39m [36mo.h.e.t.j.p.i.JtaPlatformInitiator      [0;39m [2m:[0;39m HHH000490: Using JtaPlatform implementation: [org.hibernate.engine.transaction.jta.platform.internal.NoJtaPlatform]
[2m2022-12-06 10:50:54.260[0;39m [32m INFO[0;39m [32m[0;39m [35m2512[0;39m [2m---[0;39m [2m[           main][0;39m [36mj.LocalContainerEntityManagerFactoryBean[0;39m [2m:[0;39m Initialized JPA EntityManagerFactory for persistence unit 'default'
[2m2022-12-06 10:50:55.911[0;39m [32m INFO[0;39m [32m[0;39m [35m2512[0;39m [2m---[0;39m [2m[           main][0;39m [36mo.s.b.a.e.web.EndpointLinksResolver     [0;39m [2m:[0;39m Exposing 1 endpoint(s) beneath base path '/actuator'
[2m2022-12-06 10:50:55.943[0;39m [32m INFO[0;39m [32m[0;39m [35m2512[0;39m [2m---[0;39m [2m[           main][0;39m [36mo.s.s.web.DefaultSecurityFilterChain    [0;39m [2m:[0;39m Will secure any request with [org.springframework.security.web.session.DisableEncodeUrlFilter@714a4ba2, org.springframework.security.web.context.request.async.WebAsyncManagerIntegrationFilter@6ddc817f, org.springframework.security.web.context.SecurityContextPersistenceFilter@6b7e4db6, org.springframework.security.web.header.HeaderWriterFilter@55849272, org.springframework.web.filter.CorsFilter@764d54a0, org.springframework.security.web.authentication.logout.LogoutFilter@72c29d87, com.example.benomad.security.filter.JwtTokenFilter@6b04689e, org.springframework.security.web.savedrequest.RequestCacheAwareFilter@40ed4674, org.springframework.security.web.servletapi.SecurityContextHolderAwareRequestFilter@2ef63b6d, org.springframework.security.web.authentication.AnonymousAuthenticationFilter@78c91d2a, org.springframework.security.web.session.SessionManagementFilter@73a88711, org.springframework.security.web.access.ExceptionTranslationFilter@294ab038, org.springframework.security.web.access.intercept.FilterSecurityInterceptor@24ccc91b]
[2m2022-12-06 10:50:56.253[0;39m [32m INFO[0;39m [32m[0;39m [35m2512[0;39m [2m---[0;39m [2m[           main][0;39m [36mo.s.b.w.embedded.tomcat.TomcatWebServer [0;39m [2m:[0;39m Tomcat started on port(s): 8080 (http) with context path ''
[2m2022-12-06 10:50:56.269[0;39m [32m INFO[0;39m [32m[0;39m [35m2512[0;39m [2m---[0;39m [2m[           main][0;39m [36mcom.example.benomad.BenomadApplication  [0;39m [2m:[0;39m Started BenomadApplication in 7.034 seconds (JVM running for 7.761)
[2m2022-12-06 10:50:56.623[0;39m [32m INFO[0;39m [32m[0;39m [35m2512[0;39m [2m---[0;39m [2m[)-192.168.43.99][0;39m [36mo.a.c.c.C.[Tomcat].[localhost].[/]      [0;39m [2m:[0;39m Initializing Spring DispatcherServlet 'dispatcherServlet'
[2m2022-12-06 10:50:56.623[0;39m [32m INFO[0;39m [32m[0;39m [35m2512[0;39m [2m---[0;39m [2m[)-192.168.43.99][0;39m [36mo.s.web.servlet.DispatcherServlet       [0;39m [2m:[0;39m Initializing Servlet 'dispatcherServlet'
[2m2022-12-06 10:50:56.626[0;39m [32m INFO[0;39m [32m[0;39m [35m2512[0;39m [2m---[0;39m [2m[)-192.168.43.99][0;39m [36mo.s.web.servlet.DispatcherServlet       [0;39m [2m:[0;39m Completed initialization in 3 ms
[2m2022-12-06 10:52:54.817[0;39m [32m INFO[0;39m [32mREAD[0;39m [35m2512[0;39m [2m---[0;39m [2m[nio-8080-exec-1][0;39m [36mc.e.benomad.logger.LogWriterServiceImpl [0;39m [2m:[0;39m null - Returned 6 supports
[2m2022-12-06 10:55:25.196[0;39m [32m INFO[0;39m [32mCREATE[0;39m [35m2512[0;39m [2m---[0;39m [2m[nio-8080-exec-5][0;39m [36mc.e.benomad.logger.LogWriterServiceImpl [0;39m [2m:[0;39m null - Inserted plan with id = null
[2m2022-12-06 11:39:03.470[0;39m [33m WARN[0;39m [32m[0;39m [35m2512[0;39m [2m---[0;39m [2m[l-1 housekeeper][0;39m [36mcom.zaxxer.hikari.pool.HikariPool       [0;39m [2m:[0;39m HikariPool-1 - Thread starvation or clock leap detected (housekeeper delta=39m40s582ms375µs300ns).
[2m2022-12-06 11:52:47.873[0;39m [33m WARN[0;39m [32m[0;39m [35m2512[0;39m [2m---[0;39m [2m[l-1 housekeeper][0;39m [36mcom.zaxxer.hikari.pool.HikariPool       [0;39m [2m:[0;39m HikariPool-1 - Thread starvation or clock leap detected (housekeeper delta=7m44s322ms315µs900ns).
[2m2022-12-06 12:14:21.856[0;39m [33m WARN[0;39m [32m[0;39m [35m2512[0;39m [2m---[0;39m [2m[l-1 housekeeper][0;39m [36mcom.zaxxer.hikari.pool.HikariPool       [0;39m [2m:[0;39m HikariPool-1 - Thread starvation or clock leap detected (housekeeper delta=5m3s701ms808µs200ns).
[2m2022-12-06 12:20:30.086[0;39m [32m INFO[0;39m [32m[0;39m [35m2512[0;39m [2m---[0;39m [2m[ionShutdownHook][0;39m [36mj.LocalContainerEntityManagerFactoryBean[0;39m [2m:[0;39m Closing JPA EntityManagerFactory for persistence unit 'default'
[2m2022-12-06 12:20:30.090[0;39m [32m INFO[0;39m [32m[0;39m [35m2512[0;39m [2m---[0;39m [2m[ionShutdownHook][0;39m [36mcom.zaxxer.hikari.HikariDataSource      [0;39m [2m:[0;39m HikariPool-1 - Shutdown initiated...
[2m2022-12-06 12:20:30.093[0;39m [32m INFO[0;39m [32m[0;39m [35m2512[0;39m [2m---[0;39m [2m[ionShutdownHook][0;39m [36mcom.zaxxer.hikari.HikariDataSource      [0;39m [2m:[0;39m HikariPool-1 - Shutdown completed.
